2026-01-14 17:49:01.957 [INFO] m4_activity9.BankAccount - Creating account for owner: John Doe
2026-01-14 17:49:01.959 [INFO] m4_activity9.BankAccount - Account ACC001 created successfully for John Doe
2026-01-14 17:49:01.960 [INFO] m4_activity9.BankAccount - Creating account for owner: Jane Smith
2026-01-14 17:49:01.960 [INFO] m4_activity9.BankAccount - Account ACC002 created successfully for Jane Smith
2026-01-14 17:49:01.961 [INFO] m4_activity9.BankAccount - Transfer request: ACC001 -> ACC002, amount: 3000.0
2026-01-14 17:49:01.962 [INFO] m4_activity9.BankAccount - Transfer successful: ACC001 -> ACC002, amount: 3000.0
2026-01-14 17:49:01.963 [INFO] m4_activity9.BankAccount - Transfer request: ACC001 -> ACC999, amount: 1000.0
2026-01-14 17:49:01.974 [WARN] m4_activity9.BankAccount - Transfer failed: source account ACC001 not found
2026-01-14 17:49:01.975 [INFO] m4_activity9.BankAccount - Transfer request: ACC001 -> ACC002, amount: -500.0
2026-01-14 17:49:01.975 [INFO] m4_activity9.BankAccount - Transfer failed: invalid amount -500.0
2026-01-14 17:49:01.976 [INFO] m4_activity9.BankAccount - Transfer request: ACC001 -> ACC001, amount: 1000.0
2026-01-14 17:49:01.976 [WARN] m4_activity9.BankAccount - Transfer failed: same source and destination account ACC001
2026-01-14 17:49:01.977 [INFO] m4_activity9.BankAccount - Transfer request: ACC999 -> ACC002, amount: 1000.0
2026-01-14 17:49:01.977 [WARN] m4_activity9.BankAccount - Transfer failed: source account ACC999 not found
2026-01-14 17:49:01.977 [INFO] m4_activity9.BankAccount - Transfer request: ACC002 -> ACC001, amount: 50000.0
2026-01-14 17:49:01.977 [WARN] m4_activity9.BankAccount - Transfer failed: insufficient funds in account ACC002. Balance: 8000.0, Required: 50000.0 
2026-01-14 17:49:01.978 [INFO] m4_activity9.BankAccount - Creating account for owner: Bob Johnson
2026-01-14 17:49:01.978 [WARN] m4_activity9.BankAccount - Account creation failed: account ACC001 already exists
2026-01-14 17:49:01.978 [INFO] m4_activity9.BankAccount - Creating account for owner: Alice Brown
2026-01-14 17:49:01.979 [WARN] m4_activity9.BankAccount - Account creation failed: account number is null or empty
2026-01-14 17:49:01.979 [INFO] m4_activity9.BankAccount - Creating account for owner: 
2026-01-14 17:49:01.979 [WARN] m4_activity9.BankAccount - Account creation failed: owner name is null or empty
2026-01-14 17:49:01.980 [INFO] m4_activity9.BankAccount - Creating account for owner: Charlie Wilson
2026-01-14 17:49:01.980 [WARN] m4_activity9.BankAccount - Account creation failed: invalid initial balance -1000.0
