2026-01-14 17:43:47.611 [INFO] m4_activity8.BankAccount - Deposit requested: ₱5000.0
2026-01-14 17:43:47.613 [INFO] m4_activity8.BankAccount - Deposit completed: ₱5000.0, New balance: ₱15000.0
2026-01-14 17:43:47.614 [INFO] m4_activity8.BankAccount - Withdrawal requested: ₱3000.0
2026-01-14 17:43:47.614 [INFO] m4_activity8.BankAccount - Withdrawal completed: ₱3000.0, New balance: ₱12000.0
2026-01-14 17:43:47.614 [INFO] m4_activity8.BankAccount - Deposit requested: ₱-500.0
2026-01-14 17:43:47.614 [ERROR] m4_activity8.BankAccount - Invalid deposit amount: ₱-500.0
2026-01-14 17:43:47.615 [ERROR] m4_activity8.BankAccount - Deposit failed: Deposit amount must be positive
m4_activity8.InvalidAmountException: Deposit amount must be positive
	at working_java_files/m4_activity8.BankAccount.deposit(BankAccount.java:56)
	at working_java_files/m4_activity8.BankAccount.lambda$2(BankAccount.java:18)
	at working_java_files/m4_activity8.BankAccount.runTest(BankAccount.java:25)
	at working_java_files/m4_activity8.BankAccount.main(BankAccount.java:18)
2026-01-14 17:43:47.627 [INFO] m4_activity8.BankAccount - Withdrawal requested: ₱20000.0
2026-01-14 17:43:47.627 [WARN] m4_activity8.BankAccount - Insufficient funds: ₱12000.0 available
2026-01-14 17:43:47.627 [ERROR] m4_activity8.BankAccount - Withdrawal failed: Insufficient funds for withdrawal
m4_activity8.InsufficientFundsException: Insufficient funds for withdrawal
	at working_java_files/m4_activity8.BankAccount.withdraw(BankAccount.java:43)
	at working_java_files/m4_activity8.BankAccount.lambda$3(BankAccount.java:19)
	at working_java_files/m4_activity8.BankAccount.runTest(BankAccount.java:25)
	at working_java_files/m4_activity8.BankAccount.main(BankAccount.java:19)
2026-01-14 17:43:47.628 [INFO] m4_activity8.BankAccount - Deposit requested: ₱60000.0
2026-01-14 17:43:47.628 [WARN] m4_activity8.BankAccount - Large deposit: ₱60000.0 - requires verification
2026-01-14 17:43:47.628 [INFO] m4_activity8.BankAccount - Deposit completed: ₱60000.0, New balance: ₱72000.0
